<?xml version="1.0" encoding="utf-8" standalone="no"?>
<!--This file represents the results of running a test suite-->
<test-results name="/home/conner/Documents/422/422Repo/hw8/build/Hw_8_tests.dll" total="5" errors="0" failures="0" not-run="1" inconclusive="0" ignored="1" skipped="0" invalid="0" date="2016-10-20" time="11:42:00">
  <environment nunit-version="2.6.4.0" clr-version="4.0.30319.17020" os-version="Unix 4.4.0.21" platform="Unix" cwd="/home/conner/Documents/422/422Repo/hw8" machine-name="Allen" user="conner" user-domain="Allen" />
  <culture-info current-culture="en-US" current-uiculture="en-US" />
  <test-suite type="Assembly" name="/home/conner/Documents/422/422Repo/hw8/build/Hw_8_tests.dll" executed="True" result="Success" success="True" time="0.008" asserts="0">
    <results>
      <test-suite type="Namespace" name="hw8Tests" executed="True" result="Success" success="True" time="0.008" asserts="0">
        <results>
          <test-suite type="TestFixture" name="StdFSDirTests" executed="True" result="Success" success="True" time="0.008" asserts="0">
            <results>
              <test-case name="hw8Tests.StdFSDirTests.CreateDirWithBackwardSlashInNameShouldReturnNull" executed="True" result="Success" success="True" time="0.000" asserts="1" />
              <test-case name="hw8Tests.StdFSDirTests.CreateDirWithEmptyNameShouldReturnNull" executed="True" result="Success" success="True" time="0.000" asserts="1" />
              <test-case name="hw8Tests.StdFSDirTests.CreateDirWithForwardSlashInNameShouldReturnNull" executed="True" result="Success" success="True" time="0.000" asserts="1" />
              <test-case name="hw8Tests.StdFSDirTests.GetDirs" executed="True" result="Success" success="True" time="0.000" asserts="1" />
              <test-case name="hw8Tests.StdFSDirTests.GetFiles" executed="False" result="Ignored">
                <reason>
                  <message><![CDATA[]]></message>
                </reason>
              </test-case>
              <test-case name="hw8Tests.StdFSDirTests.GetName" executed="True" result="Success" success="True" time="0.000" asserts="1" />
            </results>
          </test-suite>
        </results>
      </test-suite>
    </results>
  </test-suite>
</test-results>