<?xml version="1.0" encoding="utf-8" standalone="no"?>
<!--This file represents the results of running a test suite-->
<test-results name="/home/conner/Documents/422/422Repo/hw5/build/Hw_5_tests.dll" total="22" errors="0" failures="0" not-run="1" inconclusive="0" ignored="1" skipped="0" invalid="0" date="2016-10-08" time="22:24:42">
  <environment nunit-version="2.6.4.0" clr-version="4.0.30319.17020" os-version="Unix 4.4.0.21" platform="Unix" cwd="/home/conner/Documents/422/422Repo/hw5" machine-name="Allen" user="conner" user-domain="Allen" />
  <culture-info current-culture="en-US" current-uiculture="en-US" />
  <test-suite type="Assembly" name="/home/conner/Documents/422/422Repo/hw5/build/Hw_5_tests.dll" executed="True" result="Success" success="True" time="0.184" asserts="0">
    <results>
      <test-suite type="Namespace" name="hw5Tests" executed="True" result="Success" success="True" time="0.181" asserts="0">
        <results>
          <test-suite type="TestFixture" name="ConcatStreamTests" executed="True" result="Success" success="True" time="0.180" asserts="0">
            <results>
              <test-case name="hw5Tests.ConcatStreamTests.AttemptToReadMoreBytesThanAvailableFromConcatStream" executed="True" result="Success" success="True" time="0.013" asserts="8" />
              <test-case name="hw5Tests.ConcatStreamTests.AttemptToReadPastEndOfNoSeekStreamShouldOnlyReadToEndOfStream" executed="True" result="Success" success="True" time="0.000" asserts="12" />
              <test-case name="hw5Tests.ConcatStreamTests.AttemptToReadPastEndStreamShouldOnlyReadToEndOfStream" executed="True" result="Success" success="True" time="0.000" asserts="7" />
              <test-case name="hw5Tests.ConcatStreamTests.FirstConstructorSetPositionToZeroWhenFirstStreamPositionIsNotZero" executed="True" result="Success" success="True" time="0.002" asserts="5" />
              <test-case name="hw5Tests.ConcatStreamTests.FirstConstructorStreamWithNoLengthForFirstStream" executed="True" result="Success" success="True" time="0.001" asserts="1" />
              <test-case name="hw5Tests.ConcatStreamTests.FirstConstructorStreamWithNoLengthForSecondStream" executed="True" result="Success" success="True" time="0.003" asserts="4" />
              <test-case name="hw5Tests.ConcatStreamTests.FirstConstructorWithNoSeekAsFirstStream" executed="True" result="Success" success="True" time="0.000" asserts="1" />
              <test-case name="hw5Tests.ConcatStreamTests.FirstConstructorWithNoSeekAsSecondStream" executed="True" result="Success" success="True" time="0.000" asserts="4" />
              <test-case name="hw5Tests.ConcatStreamTests.FirstConstructorWithTwoMemoryStreams" executed="True" result="Success" success="True" time="0.000" asserts="4" />
              <test-case name="hw5Tests.ConcatStreamTests.LengthPropertyAllowAccess" executed="True" result="Success" success="True" time="0.000" asserts="1" />
              <test-case name="hw5Tests.ConcatStreamTests.LengthPropertyAllowAccessWithSecondConstructorAndNoSeekCapabilities" executed="True" result="Success" success="True" time="0.001" asserts="2" />
              <test-case name="hw5Tests.ConcatStreamTests.LengthPropertyAllowAccessWithSecondConstructorAndSeekCapabilities" executed="True" result="Success" success="True" time="0.000" asserts="1" />
              <test-case name="hw5Tests.ConcatStreamTests.LengthPropertyThrowException" executed="False" result="Ignored">
                <reason>
                  <message><![CDATA[]]></message>
                </reason>
              </test-case>
              <test-case name="hw5Tests.ConcatStreamTests.ReadAllBytesFromConcatStream" executed="True" result="Success" success="True" time="0.000" asserts="8" />
              <test-case name="hw5Tests.ConcatStreamTests.ReadAllBytesFromConcatStreamThatHasNoSeekAsSecondStream" executed="True" result="Success" success="True" time="0.000" asserts="8" />
              <test-case name="hw5Tests.ConcatStreamTests.ReadBackStreamDataInRandomChunks" executed="True" result="Success" success="True" time="0.002" asserts="5" />
              <test-case name="hw5Tests.ConcatStreamTests.ReadFromFirstStreamOnly" executed="True" result="Success" success="True" time="0.000" asserts="5" />
              <test-case name="hw5Tests.ConcatStreamTests.ReadFromSecondStreamOnly" executed="True" result="Success" success="True" time="0.001" asserts="4" />
              <test-case name="hw5Tests.ConcatStreamTests.SecondConstructorSetPositionToZeroWhenFirstStreamPositionIsNotZero" executed="True" result="Success" success="True" time="0.000" asserts="6" />
              <test-case name="hw5Tests.ConcatStreamTests.SecondConstructorWithLengthParameterThatIsLessThanFirstStreamLength" executed="True" result="Success" success="True" time="0.000" asserts="1" />
              <test-case name="hw5Tests.ConcatStreamTests.SecondConstructorWithNoSeekStreamAsFirstParameter" executed="True" result="Success" success="True" time="0.001" asserts="1" />
              <test-case name="hw5Tests.ConcatStreamTests.SecondConstructorWithNoSeekStreamAsSecondParameter" executed="True" result="Success" success="True" time="0.000" asserts="5" />
              <test-case name="hw5Tests.ConcatStreamTests.WritePastEndOfConcatStreamShouldExpandStream" executed="True" result="Success" success="True" time="0.000" asserts="6" />
            </results>
          </test-suite>
        </results>
      </test-suite>
    </results>
  </test-suite>
</test-results>