<?xml version="1.0" encoding="utf-8" standalone="no"?>
<!--This file represents the results of running a test suite-->
<test-results name="/home/conner/Documents/422/422Repo/hw5/build/Hw_5_tests.dll" total="13" errors="0" failures="0" not-run="0" inconclusive="0" ignored="0" skipped="0" invalid="0" date="2016-10-04" time="19:17:54">
  <environment nunit-version="2.6.4.0" clr-version="4.0.30319.17020" os-version="Unix 4.4.0.21" platform="Unix" cwd="/home/conner/Documents/422/422Repo/hw5" machine-name="Allen" user="conner" user-domain="Allen" />
  <culture-info current-culture="en-US" current-uiculture="en-US" />
  <test-suite type="Assembly" name="/home/conner/Documents/422/422Repo/hw5/build/Hw_5_tests.dll" executed="True" result="Success" success="True" time="0.055" asserts="0">
    <results>
      <test-suite type="Namespace" name="hw5Tests" executed="True" result="Success" success="True" time="0.049" asserts="0">
        <results>
          <test-suite type="TestFixture" name="ConcatStreamTests" executed="True" result="Success" success="True" time="0.037" asserts="0">
            <results>
              <test-case name="hw5Tests.ConcatStreamTests.FirstConstructorStreamWithNoLengthForFirstStream" executed="True" result="Success" success="True" time="0.006" asserts="1" />
              <test-case name="hw5Tests.ConcatStreamTests.FirstConstructorStreamWithNoLengthForSecondStream" executed="True" result="Success" success="True" time="0.003" asserts="4" />
              <test-case name="hw5Tests.ConcatStreamTests.FirstConstructorWithNoSeekAsFirstStream" executed="True" result="Success" success="True" time="0.000" asserts="1" />
              <test-case name="hw5Tests.ConcatStreamTests.FirstConstructorWithNoSeekAsSecondStream" executed="True" result="Success" success="True" time="0.000" asserts="4" />
              <test-case name="hw5Tests.ConcatStreamTests.FirstConstructorWithTwoMemoryStreams" executed="True" result="Success" success="True" time="0.000" asserts="4" />
              <test-case name="hw5Tests.ConcatStreamTests.SecondConstructorSetPositionToZeroWhenFirstStreamPositionIsNotZero" executed="True" result="Success" success="True" time="0.004" asserts="6" />
              <test-case name="hw5Tests.ConcatStreamTests.SecondConstructorWithLengthParameterThatIsLessThanFirstStreamLength" executed="True" result="Success" success="True" time="0.000" asserts="1" />
              <test-case name="hw5Tests.ConcatStreamTests.SecondConstructorWithNoSeekStreamAsFirstParameter" executed="True" result="Success" success="True" time="0.000" asserts="1" />
              <test-case name="hw5Tests.ConcatStreamTests.SecondConstructorWithNoSeekStreamAsSecondParameter" executed="True" result="Success" success="True" time="0.000" asserts="5" />
            </results>
          </test-suite>
          <test-suite type="TestFixture" name="NoSeekMemoryStreamTests" executed="True" result="Success" success="True" time="0.008" asserts="0">
            <results>
              <test-case name="hw5Tests.NoSeekMemoryStreamTests.CanSeekPropertyShouldReturnFalse" executed="True" result="Success" success="True" time="0.000" asserts="1" />
              <test-case name="hw5Tests.NoSeekMemoryStreamTests.ConstructorOne" executed="True" result="Success" success="True" time="0.000" asserts="2" />
              <test-case name="hw5Tests.NoSeekMemoryStreamTests.ConstructorTwo" executed="True" result="Success" success="True" time="0.000" asserts="2" />
              <test-case name="hw5Tests.NoSeekMemoryStreamTests.SeekShouldThrowNotSupportedException" executed="True" result="Success" success="True" time="0.000" asserts="1" />
            </results>
          </test-suite>
        </results>
      </test-suite>
    </results>
  </test-suite>
</test-results>