<?xml version="1.0" encoding="utf-8" standalone="no"?>
<!--This file represents the results of running a test suite-->
<test-results name="/home/conner/Documents/422/422Repo/hw5/build/Hw_5_tests.dll" total="30" errors="1" failures="0" not-run="2" inconclusive="0" ignored="2" skipped="0" invalid="0" date="2016-10-08" time="00:44:38">
  <environment nunit-version="2.6.4.0" clr-version="4.0.30319.17020" os-version="Unix 4.4.0.21" platform="Unix" cwd="/home/conner/Documents/422/422Repo/hw5" machine-name="Allen" user="conner" user-domain="Allen" />
  <culture-info current-culture="en-US" current-uiculture="en-US" />
  <test-suite type="Assembly" name="/home/conner/Documents/422/422Repo/hw5/build/Hw_5_tests.dll" executed="True" result="Failure" success="False" time="0.199" asserts="0">
    <results>
      <test-suite type="Namespace" name="hw5Tests" executed="True" result="Failure" success="False" time="0.196" asserts="0">
        <results>
          <test-suite type="TestFixture" name="ConcatStreamTests" executed="True" result="Success" success="True" time="0.117" asserts="0">
            <results>
              <test-case name="hw5Tests.ConcatStreamTests.AttemptToReadMoreBytesThanAvailableFromConcatStream" executed="True" result="Success" success="True" time="0.010" asserts="8" />
              <test-case name="hw5Tests.ConcatStreamTests.AttemptToReadPastEndOfNoSeekStreamShouldOnlyReadToEndOfStream" executed="True" result="Success" success="True" time="0.001" asserts="11" />
              <test-case name="hw5Tests.ConcatStreamTests.AttemptToReadPastEndStreamShouldOnlyReadToEndOfStream" executed="True" result="Success" success="True" time="0.000" asserts="7" />
              <test-case name="hw5Tests.ConcatStreamTests.FirstConstructorSetPositionToZeroWhenFirstStreamPositionIsNotZero" executed="True" result="Success" success="True" time="0.002" asserts="5" />
              <test-case name="hw5Tests.ConcatStreamTests.FirstConstructorStreamWithNoLengthForFirstStream" executed="True" result="Success" success="True" time="0.001" asserts="1" />
              <test-case name="hw5Tests.ConcatStreamTests.FirstConstructorStreamWithNoLengthForSecondStream" executed="True" result="Success" success="True" time="0.000" asserts="4" />
              <test-case name="hw5Tests.ConcatStreamTests.FirstConstructorWithNoSeekAsFirstStream" executed="True" result="Success" success="True" time="0.000" asserts="1" />
              <test-case name="hw5Tests.ConcatStreamTests.FirstConstructorWithNoSeekAsSecondStream" executed="True" result="Success" success="True" time="0.000" asserts="4" />
              <test-case name="hw5Tests.ConcatStreamTests.FirstConstructorWithTwoMemoryStreams" executed="True" result="Success" success="True" time="0.000" asserts="4" />
              <test-case name="hw5Tests.ConcatStreamTests.LengthPropertyAllowAccess" executed="True" result="Success" success="True" time="0.000" asserts="1" />
              <test-case name="hw5Tests.ConcatStreamTests.LengthPropertyAllowAccessWithSecondConstructorAndNoSeekCapabilities" executed="True" result="Success" success="True" time="0.000" asserts="2" />
              <test-case name="hw5Tests.ConcatStreamTests.LengthPropertyAllowAccessWithSecondConstructorAndSeekCapabilities" executed="True" result="Success" success="True" time="0.000" asserts="1" />
              <test-case name="hw5Tests.ConcatStreamTests.LengthPropertyThrowException" executed="False" result="Ignored">
                <reason>
                  <message><![CDATA[]]></message>
                </reason>
              </test-case>
              <test-case name="hw5Tests.ConcatStreamTests.ReadAllBytesFromConcatStream" executed="True" result="Success" success="True" time="0.000" asserts="8" />
              <test-case name="hw5Tests.ConcatStreamTests.ReadAllBytesFromConcatStreamThatHasNoSeekAsSecondStream" executed="True" result="Success" success="True" time="0.000" asserts="8" />
              <test-case name="hw5Tests.ConcatStreamTests.ReadBackStreamDataInRandomChunks" executed="True" result="Success" success="True" time="0.001" asserts="6" />
              <test-case name="hw5Tests.ConcatStreamTests.ReadFromFirstStreamOnly" executed="True" result="Success" success="True" time="0.000" asserts="5" />
              <test-case name="hw5Tests.ConcatStreamTests.ReadFromSecondStreamOnly" executed="True" result="Success" success="True" time="0.001" asserts="4" />
              <test-case name="hw5Tests.ConcatStreamTests.SecondConstructorSetPositionToZeroWhenFirstStreamPositionIsNotZero" executed="True" result="Success" success="True" time="0.000" asserts="6" />
              <test-case name="hw5Tests.ConcatStreamTests.SecondConstructorWithLengthParameterThatIsLessThanFirstStreamLength" executed="True" result="Success" success="True" time="0.001" asserts="1" />
              <test-case name="hw5Tests.ConcatStreamTests.SecondConstructorWithNoSeekStreamAsFirstParameter" executed="True" result="Success" success="True" time="0.000" asserts="1" />
              <test-case name="hw5Tests.ConcatStreamTests.SecondConstructorWithNoSeekStreamAsSecondParameter" executed="True" result="Success" success="True" time="0.000" asserts="5" />
              <test-case name="hw5Tests.ConcatStreamTests.WritePastEndOfConcatStreamShouldExpandStream" executed="True" result="Success" success="True" time="0.000" asserts="6" />
            </results>
          </test-suite>
          <test-suite type="TestFixture" name="DemoServiceTests" executed="True" result="Failure" success="False" time="0.044" asserts="0">
            <results>
              <test-case name="hw5Tests.DemoServiceTests.FormatResponseTest" executed="True" result="Error" success="False" time="0.043" asserts="0">
                <failure>
                  <message><![CDATA[System.Net.Sockets.SocketException : Address already in use]]></message>
                  <stack-trace><![CDATA[at System.Net.Sockets.Socket.Bind (System.Net.EndPoint local_end) <0x401e9810 + 0x000f7> in <filename unknown>:0
at System.Net.Sockets.TcpListener.Start (Int32 backlog) <0x401e9770 + 0x0003f> in <filename unknown>:0
at System.Net.Sockets.TcpListener.Start () <0x401e9740 + 0x00013> in <filename unknown>:0
at hw5Tests.DemoServiceTests.FormatResponseTest () <0x4193d240 + 0x001d3> in <filename unknown>:0
]]></stack-trace>
                </failure>
              </test-case>
            </results>
          </test-suite>
          <test-suite type="TestFixture" name="NoSeekMemoryStreamTests" executed="True" result="Success" success="True" time="0.007" asserts="0">
            <results>
              <test-case name="hw5Tests.NoSeekMemoryStreamTests.CanSeekPropertyShouldReturnFalse" executed="True" result="Success" success="True" time="0.000" asserts="1" />
              <test-case name="hw5Tests.NoSeekMemoryStreamTests.ConstructorOne" executed="True" result="Success" success="True" time="0.000" asserts="4" />
              <test-case name="hw5Tests.NoSeekMemoryStreamTests.ConstructorTwo" executed="True" result="Success" success="True" time="0.000" asserts="4" />
              <test-case name="hw5Tests.NoSeekMemoryStreamTests.PositionPropertySetShouldThrowNotSupportedException" executed="True" result="Success" success="True" time="0.001" asserts="1" />
              <test-case name="hw5Tests.NoSeekMemoryStreamTests.SeekShouldThrowNotSupportedException" executed="True" result="Success" success="True" time="0.000" asserts="1" />
            </results>
          </test-suite>
          <test-suite type="TestFixture" name="WebRequestTests" executed="True" result="Success" success="True" time="0.002" asserts="0">
            <results>
              <test-case name="hw5Tests.WebRequestTests.GetResponse200" executed="True" result="Success" success="True" time="0.000" asserts="2" />
              <test-case name="hw5Tests.WebRequestTests.GetResponse404" executed="True" result="Success" success="True" time="0.000" asserts="2" />
            </results>
          </test-suite>
          <test-suite type="TestFixture" name="WebServerTests" executed="True" result="Inconclusive" success="False" time="0.000" asserts="0">
            <results>
              <test-case name="hw5Tests.WebServerTests.TestOne" executed="False" result="Ignored">
                <reason>
                  <message><![CDATA[]]></message>
                </reason>
              </test-case>
            </results>
          </test-suite>
        </results>
      </test-suite>
    </results>
  </test-suite>
</test-results>