<?xml version="1.0" encoding="utf-8" standalone="no"?>
<!--This file represents the results of running a test suite-->
<test-results name="/home/conner/Documents/422/422Repo/hw5/build/Hw_5_tests.dll" total="1" errors="1" failures="0" not-run="0" inconclusive="0" ignored="0" skipped="0" invalid="0" date="2016-10-06" time="16:40:54">
  <environment nunit-version="2.6.4.0" clr-version="4.0.30319.17020" os-version="Unix 4.4.0.21" platform="Unix" cwd="/home/conner/Documents/422/422Repo/hw5" machine-name="Allen" user="conner" user-domain="Allen" />
  <culture-info current-culture="en-US" current-uiculture="en-US" />
  <test-suite type="Assembly" name="/home/conner/Documents/422/422Repo/hw5/build/Hw_5_tests.dll" executed="True" result="Failure" success="False" time="0.015" asserts="0">
    <results>
      <test-suite type="Namespace" name="hw5Tests" executed="True" result="Failure" success="False" time="0.011" asserts="0">
        <results>
          <test-suite type="TestFixture" name="ConcatStreamTests" executed="True" result="Failure" success="False" time="0.011" asserts="0">
            <results>
              <test-case name="hw5Tests.ConcatStreamTests.WriteOverMiddleBoundryOfBothStreamsWithSeekDisabled" executed="True" result="Error" success="False" time="0.008" asserts="1">
                <failure>
                  <message><![CDATA[System.NotSupportedException : Cannot write because Seek is not supported]]></message>
                  <stack-trace><![CDATA[at CS422.ConcatStream.Write (System.Byte[] buffer, Int32 offset, Int32 count) <0x41dc3000 + 0x0054f> in <filename unknown>:0
at hw5Tests.ConcatStreamTests.WriteOverMiddleBoundryOfBothStreamsWithSeekDisabled () <0x404a0300 + 0x001bb> in <filename unknown>:0
]]></stack-trace>
                </failure>
              </test-case>
            </results>
          </test-suite>
        </results>
      </test-suite>
    </results>
  </test-suite>
</test-results>