<?xml version="1.0" encoding="utf-8" standalone="no"?>
<!--This file represents the results of running a test suite-->
<test-results name="/home/conner/Documents/422/422Repo/hw5/build/Hw_5_tests.dll" total="1" errors="1" failures="0" not-run="0" inconclusive="0" ignored="0" skipped="0" invalid="0" date="2016-10-14" time="21:19:18">
  <environment nunit-version="2.6.4.0" clr-version="4.0.30319.17020" os-version="Unix 4.4.0.21" platform="Unix" cwd="/home/conner/Documents/422/422Repo/hw7" machine-name="Allen" user="conner" user-domain="Allen" />
  <culture-info current-culture="en-US" current-uiculture="en-US" />
  <test-suite type="Assembly" name="/home/conner/Documents/422/422Repo/hw5/build/Hw_5_tests.dll" executed="True" result="Failure" success="False" time="0.001" asserts="0">
    <results>
      <test-suite type="Namespace" name="hw5Tests" executed="True" result="Failure" success="False" time="0.001" asserts="0">
        <results>
          <test-suite type="TestFixture" name="WebServerTests" executed="True" result="Failure" success="False" time="0.001" asserts="0">
            <results>
              <test-case name="hw5Tests.WebServerTests.TestOne" executed="True" result="Error" success="False" time="0.000" asserts="0">
                <failure>
                  <message><![CDATA[System.Net.Sockets.SocketException : Address already in use]]></message>
                  <stack-trace><![CDATA[at System.Net.Sockets.Socket.Bind (System.Net.EndPoint local_end) <0x40f180d0 + 0x000f7> in <filename unknown>:0
at System.Net.Sockets.TcpListener.Start (Int32 backlog) <0x40f18030 + 0x0003f> in <filename unknown>:0
at System.Net.Sockets.TcpListener.Start () <0x40f18000 + 0x00013> in <filename unknown>:0
at CS422.WebServer.Start (Int32 port, Int32 numberOfThreads) <0x40ecd6d0 + 0x0019b> in <filename unknown>:0
at hw5Tests.WebServerTests.TestOne () <0x40ecae90 + 0x00013> in <filename unknown>:0
]]></stack-trace>
                </failure>
              </test-case>
            </results>
          </test-suite>
        </results>
      </test-suite>
    </results>
  </test-suite>
</test-results>