<?xml version="1.0" encoding="utf-8" standalone="no"?>
<!--This file represents the results of running a test suite-->
<test-results name="/home/conner/Documents/422/422Repo/hw5/build/Hw_5_tests.dll" total="1" errors="0" failures="0" not-run="0" inconclusive="0" ignored="0" skipped="0" invalid="0" date="2016-10-08" time="14:54:31">
  <environment nunit-version="2.6.4.0" clr-version="4.0.30319.17020" os-version="Unix 4.4.0.21" platform="Unix" cwd="/home/conner/Documents/422/422Repo/hw5" machine-name="Allen" user="conner" user-domain="Allen" />
  <culture-info current-culture="en-US" current-uiculture="en-US" />
  <test-suite type="Assembly" name="/home/conner/Documents/422/422Repo/hw5/build/Hw_5_tests.dll" executed="True" result="Success" success="True" time="2.888" asserts="0">
    <results>
      <test-suite type="Namespace" name="hw5Tests" executed="True" result="Success" success="True" time="2.885" asserts="0">
        <results>
          <test-suite type="TestFixture" name="WebServerTests" executed="True" result="Success" success="True" time="2.884" asserts="0">
            <results>
              <test-case name="hw5Tests.WebServerTests.TestOne" executed="True" result="Success" success="True" time="2.882" asserts="0" />
            </results>
          </test-suite>
        </results>
      </test-suite>
    </results>
  </test-suite>
</test-results>