<?xml version="1.0" encoding="utf-8" standalone="no"?>
<!--This file represents the results of running a test suite-->
<test-results name="/home/conner/Documents/422/422Repo/hw5/build/Hw_5_tests.dll" total="1" errors="1" failures="0" not-run="0" inconclusive="0" ignored="0" skipped="0" invalid="0" date="2016-10-06" time="21:46:55">
  <environment nunit-version="2.6.0.0" clr-version="4.0.30319.17020" os-version="Unix 3.19.0.32" platform="Unix" cwd="/home/conner/Documents/422/422Repo/hw5" machine-name="conner-HP-ENVY-6-Notebook-PC" user="conner" user-domain="conner-HP-ENVY-6-Notebook-PC" />
  <culture-info current-culture="en-US" current-uiculture="en-US" />
  <test-suite type="Assembly" name="/home/conner/Documents/422/422Repo/hw5/build/Hw_5_tests.dll" executed="True" result="Failure" success="False" time="0.105" asserts="0">
    <results>
      <test-suite type="Namespace" name="hw5Tests" executed="True" result="Failure" success="False" time="0.099" asserts="0">
        <results>
          <test-suite type="TestFixture" name="ConcatStreamTests" executed="True" result="Failure" success="False" time="0.098" asserts="0">
            <results>
              <test-case name="hw5Tests.ConcatStreamTests.ReadALotOfBytesFromStream" executed="True" result="Error" success="False" time="0.093" asserts="0">
                <failure>
                  <message><![CDATA[System.IndexOutOfRangeException : Array index is out of range.]]></message>
                  <stack-trace><![CDATA[at hw5Tests.ConcatStreamTests.ReadALotOfBytesFromStream () [0x00000] in <filename unknown>:0
]]></stack-trace>
                </failure>
              </test-case>
            </results>
          </test-suite>
        </results>
      </test-suite>
    </results>
  </test-suite>
</test-results>